0 info it worked if it ends with ok
1 verbose cli [ '/usr/bin/node',
1 verbose cli   '/usr/bin/npm',
1 verbose cli   'publish',
1 verbose cli   './',
1 verbose cli   '--tag',
1 verbose cli   'beta' ]
2 info using npm@3.8.1
3 info using node@v5.8.0
4 verbose publish [ './' ]
5 silly cache add args [ './', null ]
6 verbose cache add spec ./
7 silly cache add parsed spec Result {
7 silly cache add   raw: './',
7 silly cache add   scope: null,
7 silly cache add   name: null,
7 silly cache add   rawSpec: './',
7 silly cache add   spec: '/home/session/Public/gulp-quick',
7 silly cache add   type: 'directory' }
8 verbose addLocalDirectory /home/session/.npm/gulp-quick/1.0.0/package.tgz not in flight; packing
9 verbose correctMkdir /home/session/.npm correctMkdir not in flight; initializing
10 info lifecycle gulp-quick@1.0.0~prepublish: gulp-quick@1.0.0
11 silly lifecycle gulp-quick@1.0.0~prepublish: no script for prepublish, continuing
12 verbose tar pack [ '/home/session/.npm/gulp-quick/1.0.0/package.tgz',
12 verbose tar pack   '/home/session/Public/gulp-quick' ]
13 verbose tarball /home/session/.npm/gulp-quick/1.0.0/package.tgz
14 verbose folder /home/session/Public/gulp-quick
15 verbose addLocalTarball adding from inside cache /home/session/.npm/gulp-quick/1.0.0/package.tgz
16 verbose correctMkdir /home/session/.npm correctMkdir not in flight; initializing
17 silly cache afterAdd gulp-quick@1.0.0
18 verbose afterAdd /home/session/.npm/gulp-quick/1.0.0/package/package.json not in flight; writing
19 verbose correctMkdir /home/session/.npm correctMkdir not in flight; initializing
20 verbose afterAdd /home/session/.npm/gulp-quick/1.0.0/package/package.json written
21 silly publish { name: 'gulp-quick',
21 silly publish   version: '1.0.0',
21 silly publish   description: '',
21 silly publish   main: 'index.js',
21 silly publish   scripts: { test: 'echo "Error: no test specified" && exit 1' },
21 silly publish   keywords: [],
21 silly publish   author: '',
21 silly publish   license: 'ISC',
21 silly publish   dependencies:
21 silly publish    { 'browser-sync': '^2.11.1',
21 silly publish      browserify: '^13.0.0',
21 silly publish      gulp: '^3.9.1',
21 silly publish      'gulp-if': '^2.0.0',
21 silly publish      'gulp-nodemon': '^2.0.6',
21 silly publish      'gulp-sass': '^2.2.0',
21 silly publish      'gulp-typescript': '^2.12.1',
21 silly publish      'gulp-uglify': '^1.5.3',
21 silly publish      'lodash.assign': '^4.0.6',
21 silly publish      stringify: '^5.1.0',
21 silly publish      'vinyl-buffer': '^1.0.0',
21 silly publish      'vinyl-source-stream': '^1.1.0',
21 silly publish      watchify: '^3.7.0' },
21 silly publish   devDependencies: { chai: '^3.5.0', 'gulp-mocha': '^2.2.0' },
21 silly publish   gitHead: 'b0205d64923b69ca7179b40a5fa1f04003d75a65',
21 silly publish   readme: 'ERROR: No README data found!',
21 silly publish   _id: 'gulp-quick@1.0.0',
21 silly publish   _shasum: '4d0d76454d0998e9dd550cf944f99a3cfc72e292',
21 silly publish   _from: '.' }
22 verbose getPublishConfig undefined
23 silly mapToRegistry name gulp-quick
24 silly mapToRegistry using default registry
25 silly mapToRegistry registry https://registry.npmjs.org/
26 silly mapToRegistry uri https://registry.npmjs.org/gulp-quick
27 verbose publish registryBase https://registry.npmjs.org/
28 silly publish uploading /home/session/.npm/gulp-quick/1.0.0/package.tgz
29 verbose request uri https://registry.npmjs.org/gulp-quick
30 verbose request sending authorization for write operation
31 info attempt registry request try #1 at 12:32:01 pm
32 verbose request using bearer token for auth
33 verbose request id 7315073ea6733735
34 http request PUT https://registry.npmjs.org/gulp-quick
35 http 403 https://registry.npmjs.org/gulp-quick
36 verbose headers { 'content-type': 'application/json',
36 verbose headers   'cache-control': 'max-age=300',
36 verbose headers   'content-length': '95',
36 verbose headers   'accept-ranges': 'bytes',
36 verbose headers   date: 'Fri, 11 Mar 2016 10:31:59 GMT',
36 verbose headers   via: '1.1 varnish',
36 verbose headers   connection: 'keep-alive',
36 verbose headers   'x-served-by': 'cache-fra1241-FRA',
36 verbose headers   'x-cache': 'MISS',
36 verbose headers   'x-cache-hits': '0',
36 verbose headers   'x-timer': 'S1457692318.302683,VS0,VE1064' }
37 verbose request invalidating /home/session/.npm/registry.npmjs.org/gulp-quick on PUT
38 error publish Failed PUT 403
39 verbose stack Error: "You cannot publish over the previously published version 1.0.0." : gulp-quick
39 verbose stack     at makeError (/usr/lib/node_modules/npm/node_modules/npm-registry-client/lib/request.js:264:12)
39 verbose stack     at CachingRegistryClient.<anonymous> (/usr/lib/node_modules/npm/node_modules/npm-registry-client/lib/request.js:252:14)
39 verbose stack     at Request._callback (/usr/lib/node_modules/npm/node_modules/npm-registry-client/lib/request.js:172:14)
39 verbose stack     at Request.self.callback (/usr/lib/node_modules/npm/node_modules/request/request.js:199:22)
39 verbose stack     at emitTwo (events.js:100:13)
39 verbose stack     at Request.emit (events.js:185:7)
39 verbose stack     at Request.<anonymous> (/usr/lib/node_modules/npm/node_modules/request/request.js:1036:10)
39 verbose stack     at emitOne (events.js:95:20)
39 verbose stack     at Request.emit (events.js:182:7)
39 verbose stack     at IncomingMessage.<anonymous> (/usr/lib/node_modules/npm/node_modules/request/request.js:963:12)
40 verbose statusCode 403
41 verbose pkgid gulp-quick
42 verbose cwd /home/session/Public/gulp-quick
43 error Linux 4.4.3-1-ARCH
44 error argv "/usr/bin/node" "/usr/bin/npm" "publish" "./" "--tag" "beta"
45 error node v5.8.0
46 error npm  v3.8.1
47 error code E403
48 error "You cannot publish over the previously published version 1.0.0." : gulp-quick
49 error If you need help, you may report this error at:
49 error     <https://github.com/npm/npm/issues>
50 verbose exit [ 1, true ]
